  [4;36;1mSQL (0.3ms)[0m   [0;1m SELECT name
 FROM sqlite_master
 WHERE type = 'table' AND NOT name = 'sqlite_sequence'
[0m
  [4;35;1mSQL (0.2ms)[0m   [0mselect sqlite_version(*)[0m
  [4;36;1mSQL (123.4ms)[0m   [0;1mCREATE TABLE "schema_migrations" ("version" varchar(255) NOT NULL) [0m
  [4;35;1mSQL (85.0ms)[0m   [0mCREATE UNIQUE INDEX "unique_schema_migrations" ON "schema_migrations" ("version")[0m
  [4;36;1mSQL (0.3ms)[0m   [0;1m SELECT name
 FROM sqlite_master
 WHERE type = 'table' AND NOT name = 'sqlite_sequence'
[0m
  [4;35;1mSQL (0.1ms)[0m   [0mSELECT version FROM schema_migrations[0m
Migrating to CreateFlights (20101004100958)
  [4;36;1mSQL (131.7ms)[0m   [0;1mCREATE TABLE "flights" ("id" INTEGER PRIMARY KEY AUTOINCREMENT NOT NULL, "departure" datetime, "arrival" datetime, "destination" varchar(255), "baggage_allowance" decimal, "capacity" integer, "created_at" datetime, "updated_at" datetime) [0m
  [4;35;1mSQL (104.7ms)[0m   [0mINSERT INTO schema_migrations (version) VALUES ('20101004100958')[0m
Migrating to CreateSeats (20101004101034)
  [4;36;1mSQL (105.1ms)[0m   [0;1mCREATE TABLE "seats" ("id" INTEGER PRIMARY KEY AUTOINCREMENT NOT NULL, "flight_id" integer, "name" varchar(255), "baggage" decimal, "created_at" datetime, "updated_at" datetime) [0m
  [4;35;1mSQL (88.5ms)[0m   [0mINSERT INTO schema_migrations (version) VALUES ('20101004101034')[0m
  [4;36;1mSQL (0.6ms)[0m   [0;1m SELECT name
 FROM sqlite_master
 WHERE type = 'table' AND NOT name = 'sqlite_sequence'
[0m
  [4;35;1mSQL (0.4ms)[0m   [0mSELECT version FROM schema_migrations[0m
  [4;36;1mSQL (0.5ms)[0m   [0;1m SELECT name
 FROM sqlite_master
 WHERE type = 'table' AND NOT name = 'sqlite_sequence'
[0m
  [4;35;1mSQL (0.1ms)[0m   [0mPRAGMA index_list("flights")[0m
  [4;36;1mSQL (0.1ms)[0m   [0;1mPRAGMA index_list("seats")[0m


Processing FlightsController#index (for 127.0.0.1 at 2010-10-04 13:49:24) [GET]
  [4;36;1mFlight Load (0.6ms)[0m   [0;1mSELECT * FROM "flights" [0m
Rendering template within layouts/flights
Rendering flights/index
Completed in 38ms (View: 22, DB: 1) | 200 OK [http://localhost/flights]


Processing FlightsController#new (for 127.0.0.1 at 2010-10-04 13:49:28) [GET]
Rendering template within layouts/flights
Rendering flights/new
Completed in 177ms (View: 168, DB: 0) | 200 OK [http://localhost/flights/new]


Processing FlightsController#create (for 127.0.0.1 at 2010-10-04 13:50:01) [POST]
  Parameters: {"commit"=>"Create", "authenticity_token"=>"4d23c4a044c5f663dedf64fc2db050a4cd32f5a4", "flight"=>{"departure(1i)"=>"2010", "departure(2i)"=>"10", "departure(3i)"=>"4", "destination"=>"são paulo", "departure(4i)"=>"17", "departure(5i)"=>"00", "arrival(1i)"=>"2010", "baggage_allowance"=>"5", "arrival(2i)"=>"10", "capacity"=>"10", "arrival(3i)"=>"4", "arrival(4i)"=>"19", "arrival(5i)"=>"00"}}
  [4;35;1mFlight Create (0.4ms)[0m   [0mINSERT INTO "flights" ("departure", "created_at", "destination", "updated_at", "arrival", "baggage_allowance", "capacity") VALUES('2010-10-04 17:00:00', '2010-10-04 16:50:02', 'são paulo', '2010-10-04 16:50:02', '2010-10-04 19:00:00', 5.0, 10)[0m
Redirected to #<Flight:0xb6d7f3a0>
Completed in 111ms (DB: 0) | 302 Found [http://localhost/flights]


Processing FlightsController#show (for 127.0.0.1 at 2010-10-04 13:50:02) [GET]
  Parameters: {"id"=>"1"}
  [4;36;1mFlight Load (0.4ms)[0m   [0;1mSELECT * FROM "flights" WHERE ("flights"."id" = 1) [0m
Rendering template within layouts/flights
Rendering flights/show


ActionView::TemplateError (You have a nil object when you didn't expect it!
You might have expected an instance of Array.
The error occurred while evaluating nil.each) on line #8 of app/views/flights/_seat_list.html.erb:
5:     <th>Baggage</th>
6:   </tr>
7: 
8: <% for seat in seats %>
9:   <tr>
10:     <td><%=h seat.flight_id %></td>
11:     <td><%=h seat.name %></td>

    app/views/flights/_seat_list.html.erb:8
    vendor/rails/actionpack/lib/action_view/renderable.rb:39:in `send'
    vendor/rails/actionpack/lib/action_view/renderable.rb:39:in `render'
    vendor/rails/actionpack/lib/action_view/renderable_partial.rb:20:in `render'
    vendor/rails/actionpack/lib/action_controller/benchmarking.rb:26:in `benchmark'
    vendor/rails/activesupport/lib/active_support/core_ext/benchmark.rb:8:in `realtime'
    vendor/rails/actionpack/lib/action_controller/benchmarking.rb:26:in `benchmark'
    vendor/rails/actionpack/lib/action_view/renderable_partial.rb:19:in `render'
    vendor/rails/actionpack/lib/action_view/template.rb:73:in `render_template'
    vendor/rails/actionpack/lib/action_view/renderable_partial.rb:45:in `render_partial'
    vendor/rails/actionpack/lib/action_view/partials.rb:152:in `render_partial'
    vendor/rails/actionpack/lib/action_view/base.rb:258:in `render'
    app/views/flights/show.html.erb:26
    vendor/rails/actionpack/lib/action_view/renderable.rb:39:in `send'
    vendor/rails/actionpack/lib/action_view/renderable.rb:39:in `render'
    vendor/rails/actionpack/lib/action_view/template.rb:73:in `render_template'
    vendor/rails/actionpack/lib/action_view/base.rb:256:in `render'
    vendor/rails/actionpack/lib/action_view/base.rb:369:in `_render_with_layout'
    vendor/rails/actionpack/lib/action_view/base.rb:254:in `render'
    vendor/rails/actionpack/lib/action_controller/base.rb:1177:in `render_for_file'
    vendor/rails/actionpack/lib/action_controller/base.rb:905:in `render_without_benchmark'
    vendor/rails/actionpack/lib/action_controller/benchmarking.rb:51:in `render'
    vendor/rails/activesupport/lib/active_support/core_ext/benchmark.rb:8:in `realtime'
    vendor/rails/actionpack/lib/action_controller/benchmarking.rb:51:in `render'
    vendor/rails/actionpack/lib/action_controller/mime_responds.rb:135:in `send'
    vendor/rails/actionpack/lib/action_controller/mime_responds.rb:135
    vendor/rails/actionpack/lib/action_controller/mime_responds.rb:164:in `call'
    vendor/rails/actionpack/lib/action_controller/mime_responds.rb:164:in `respond'
    vendor/rails/actionpack/lib/action_controller/mime_responds.rb:158:in `each'
    vendor/rails/actionpack/lib/action_controller/mime_responds.rb:158:in `respond'
    vendor/rails/actionpack/lib/action_controller/mime_responds.rb:107:in `respond_to'
    app/controllers/flights_controller.rb:18:in `show'
    vendor/rails/actionpack/lib/action_controller/base.rb:1256:in `send'
    vendor/rails/actionpack/lib/action_controller/base.rb:1256:in `perform_action_without_filters'
    vendor/rails/actionpack/lib/action_controller/filters.rb:617:in `call_filters'
    vendor/rails/actionpack/lib/action_controller/filters.rb:610:in `perform_action_without_benchmark'
    vendor/rails/actionpack/lib/action_controller/benchmarking.rb:68:in `perform_action_without_rescue'
    /usr/lib/ruby/1.8/benchmark.rb:293:in `measure'
    vendor/rails/actionpack/lib/action_controller/benchmarking.rb:68:in `perform_action_without_rescue'
    vendor/rails/actionpack/lib/action_controller/rescue.rb:136:in `perform_action_without_caching'
    vendor/rails/actionpack/lib/action_controller/caching/sql_cache.rb:13:in `perform_action'
    vendor/rails/activerecord/lib/active_record/connection_adapters/abstract/query_cache.rb:34:in `cache'
    vendor/rails/activerecord/lib/active_record/query_cache.rb:8:in `cache'
    vendor/rails/actionpack/lib/action_controller/caching/sql_cache.rb:12:in `perform_action'
    vendor/rails/actionpack/lib/action_controller/base.rb:524:in `send'
    vendor/rails/actionpack/lib/action_controller/base.rb:524:in `process_without_filters'
    vendor/rails/actionpack/lib/action_controller/filters.rb:606:in `process_without_session_management_support'
    vendor/rails/actionpack/lib/action_controller/session_management.rb:134:in `process'
    vendor/rails/actionpack/lib/action_controller/base.rb:392:in `process'
    vendor/rails/actionpack/lib/action_controller/dispatcher.rb:184:in `handle_request'
    vendor/rails/actionpack/lib/action_controller/dispatcher.rb:112:in `dispatch_unlocked'
    vendor/rails/actionpack/lib/action_controller/dispatcher.rb:125:in `dispatch'
    vendor/rails/actionpack/lib/action_controller/dispatcher.rb:124:in `synchronize'
    vendor/rails/actionpack/lib/action_controller/dispatcher.rb:124:in `dispatch'
    vendor/rails/actionpack/lib/action_controller/dispatcher.rb:134:in `dispatch_cgi'
    vendor/rails/actionpack/lib/action_controller/dispatcher.rb:41:in `dispatch'
    vendor/rails/railties/lib/webrick_server.rb:103:in `handle_dispatch'
    vendor/rails/railties/lib/webrick_server.rb:74:in `service'
    /usr/lib/ruby/1.8/webrick/httpserver.rb:104:in `service'
    /usr/lib/ruby/1.8/webrick/httpserver.rb:65:in `run'
    /usr/lib/ruby/1.8/webrick/server.rb:173:in `start_thread'
    /usr/lib/ruby/1.8/webrick/server.rb:162:in `start'
    /usr/lib/ruby/1.8/webrick/server.rb:162:in `start_thread'
    /usr/lib/ruby/1.8/webrick/server.rb:95:in `start'
    /usr/lib/ruby/1.8/webrick/server.rb:92:in `each'
    /usr/lib/ruby/1.8/webrick/server.rb:92:in `start'
    /usr/lib/ruby/1.8/webrick/server.rb:23:in `start'
    /usr/lib/ruby/1.8/webrick/server.rb:82:in `start'
    vendor/rails/railties/lib/webrick_server.rb:60:in `dispatch'
    vendor/rails/railties/lib/commands/servers/webrick.rb:66
    /usr/lib/ruby/1.8/rubygems/custom_require.rb:31:in `gem_original_require'
    /usr/lib/ruby/1.8/rubygems/custom_require.rb:31:in `require'
    vendor/rails/activesupport/lib/active_support/dependencies.rb:153:in `require'
    vendor/rails/activesupport/lib/active_support/dependencies.rb:521:in `new_constants_in'
    vendor/rails/activesupport/lib/active_support/dependencies.rb:153:in `require'
    vendor/rails/railties/lib/commands/server.rb:49
    /usr/lib/ruby/1.8/rubygems/custom_require.rb:31:in `gem_original_require'
    /usr/lib/ruby/1.8/rubygems/custom_require.rb:31:in `require'
    script/server:3

Rendered /home/heber/coconut/vendor/rails/actionpack/lib/action_controller/templates/rescues/_trace (26.5ms)
Rendered /home/heber/coconut/vendor/rails/actionpack/lib/action_controller/templates/rescues/_request_and_response (0.9ms)
Rendering /home/heber/coconut/vendor/rails/actionpack/lib/action_controller/templates/rescues/layout.erb (internal_server_error)


Processing FlightsController#create (for 127.0.0.1 at 2010-10-04 14:17:42) [POST]
  Parameters: {"commit"=>"Create", "authenticity_token"=>"4d23c4a044c5f663dedf64fc2db050a4cd32f5a4", "flight"=>{"departure(1i)"=>"2010", "departure(2i)"=>"10", "departure(3i)"=>"4", "destination"=>"são paulo", "departure(4i)"=>"17", "departure(5i)"=>"00", "arrival(1i)"=>"2010", "baggage_allowance"=>"5", "arrival(2i)"=>"10", "capacity"=>"10", "arrival(3i)"=>"4", "arrival(4i)"=>"19", "arrival(5i)"=>"00"}}
  [4;35;1mFlight Create (0.2ms)[0m   [0mINSERT INTO "flights" ("departure", "created_at", "destination", "updated_at", "arrival", "baggage_allowance", "capacity") VALUES('2010-10-04 17:00:00', '2010-10-04 17:17:42', 'são paulo', '2010-10-04 17:17:42', '2010-10-04 19:00:00', 5.0, 10)[0m
Redirected to #<Flight:0xb6edcfe0>
Completed in 109ms (DB: 0) | 302 Found [http://localhost/flights]


Processing FlightsController#show (for 127.0.0.1 at 2010-10-04 14:17:42) [GET]
  Parameters: {"id"=>"2"}
  [4;36;1mFlight Load (0.9ms)[0m   [0;1mSELECT * FROM "flights" WHERE ("flights"."id" = 2) [0m
Rendering template within layouts/flights
Rendering flights/show


ActionView::TemplateError (/home/heber/coconut/app/models/seat.rb:10: syntax error, unexpected $end, expecting kEND) on line #26 of app/views/flights/show.html.erb:
23:   <%=h @flight.capacity %>
24: </p>
25: 
26: <%= render :partial=>"seat_list", :locals=>{:seats=>@flight.seats}%>
27: 
28: <%= render :partial=>"new_seat", :locals=>{:seat=>Seat.new(:flight_id=>@flight.id)} %>
29: 

    vendor/rails/activesupport/lib/active_support/dependencies.rb:382:in `load_without_new_constant_marking'
    vendor/rails/activesupport/lib/active_support/dependencies.rb:382:in `load_file'
    vendor/rails/activesupport/lib/active_support/dependencies.rb:521:in `new_constants_in'
    vendor/rails/activesupport/lib/active_support/dependencies.rb:381:in `load_file'
    vendor/rails/activesupport/lib/active_support/dependencies.rb:256:in `require_or_load'
    vendor/rails/activesupport/lib/active_support/dependencies.rb:427:in `load_missing_constant'
    vendor/rails/activesupport/lib/active_support/dependencies.rb:77:in `const_missing'
    vendor/rails/activesupport/lib/active_support/dependencies.rb:89:in `const_missing'
    vendor/rails/activesupport/lib/active_support/dependencies.rb:439:in `load_missing_constant'
    vendor/rails/activesupport/lib/active_support/dependencies.rb:93:in `const_missing'
    vendor/rails/activerecord/lib/active_record/base.rb:2049:in `compute_type'
    vendor/rails/activesupport/lib/active_support/core_ext/kernel/reporting.rb:11:in `silence_warnings'
    vendor/rails/activerecord/lib/active_record/base.rb:2047:in `compute_type'
    vendor/rails/activerecord/lib/active_record/reflection.rb:151:in `send'
    vendor/rails/activerecord/lib/active_record/reflection.rb:151:in `klass'
    vendor/rails/activerecord/lib/active_record/reflection.rb:182:in `quoted_table_name'
    vendor/rails/activerecord/lib/active_record/associations/has_many_association.rb:96:in `construct_sql'
    vendor/rails/activerecord/lib/active_record/associations/association_collection.rb:21:in `initialize'
    vendor/rails/activerecord/lib/active_record/associations.rb:1297:in `new'
    vendor/rails/activerecord/lib/active_record/associations.rb:1297:in `seats'
    app/views/flights/show.html.erb:26
    vendor/rails/actionpack/lib/action_view/renderable.rb:39:in `send'
    vendor/rails/actionpack/lib/action_view/renderable.rb:39:in `render'
    vendor/rails/actionpack/lib/action_view/template.rb:73:in `render_template'
    vendor/rails/actionpack/lib/action_view/base.rb:256:in `render'
    vendor/rails/actionpack/lib/action_view/base.rb:369:in `_render_with_layout'
    vendor/rails/actionpack/lib/action_view/base.rb:254:in `render'
    vendor/rails/actionpack/lib/action_controller/base.rb:1177:in `render_for_file'
    vendor/rails/actionpack/lib/action_controller/base.rb:905:in `render_without_benchmark'
    vendor/rails/actionpack/lib/action_controller/benchmarking.rb:51:in `render'
    vendor/rails/activesupport/lib/active_support/core_ext/benchmark.rb:8:in `realtime'
    vendor/rails/actionpack/lib/action_controller/benchmarking.rb:51:in `render'
    vendor/rails/actionpack/lib/action_controller/mime_responds.rb:135:in `send'
    vendor/rails/actionpack/lib/action_controller/mime_responds.rb:135
    vendor/rails/actionpack/lib/action_controller/mime_responds.rb:164:in `call'
    vendor/rails/actionpack/lib/action_controller/mime_responds.rb:164:in `respond'
    vendor/rails/actionpack/lib/action_controller/mime_responds.rb:158:in `each'
    vendor/rails/actionpack/lib/action_controller/mime_responds.rb:158:in `respond'
    vendor/rails/actionpack/lib/action_controller/mime_responds.rb:107:in `respond_to'
    app/controllers/flights_controller.rb:18:in `show'
    vendor/rails/actionpack/lib/action_controller/base.rb:1256:in `send'
    vendor/rails/actionpack/lib/action_controller/base.rb:1256:in `perform_action_without_filters'
    vendor/rails/actionpack/lib/action_controller/filters.rb:617:in `call_filters'
    vendor/rails/actionpack/lib/action_controller/filters.rb:610:in `perform_action_without_benchmark'
    vendor/rails/actionpack/lib/action_controller/benchmarking.rb:68:in `perform_action_without_rescue'
    /usr/lib/ruby/1.8/benchmark.rb:293:in `measure'
    vendor/rails/actionpack/lib/action_controller/benchmarking.rb:68:in `perform_action_without_rescue'
    vendor/rails/actionpack/lib/action_controller/rescue.rb:136:in `perform_action_without_caching'
    vendor/rails/actionpack/lib/action_controller/caching/sql_cache.rb:13:in `perform_action'
    vendor/rails/activerecord/lib/active_record/connection_adapters/abstract/query_cache.rb:34:in `cache'
    vendor/rails/activerecord/lib/active_record/query_cache.rb:8:in `cache'
    vendor/rails/actionpack/lib/action_controller/caching/sql_cache.rb:12:in `perform_action'
    vendor/rails/actionpack/lib/action_controller/base.rb:524:in `send'
    vendor/rails/actionpack/lib/action_controller/base.rb:524:in `process_without_filters'
    vendor/rails/actionpack/lib/action_controller/filters.rb:606:in `process_without_session_management_support'
    vendor/rails/actionpack/lib/action_controller/session_management.rb:134:in `process'
    vendor/rails/actionpack/lib/action_controller/base.rb:392:in `process'
    vendor/rails/actionpack/lib/action_controller/dispatcher.rb:184:in `handle_request'
    vendor/rails/actionpack/lib/action_controller/dispatcher.rb:112:in `dispatch_unlocked'
    vendor/rails/actionpack/lib/action_controller/dispatcher.rb:125:in `dispatch'
    vendor/rails/actionpack/lib/action_controller/dispatcher.rb:124:in `synchronize'
    vendor/rails/actionpack/lib/action_controller/dispatcher.rb:124:in `dispatch'
    vendor/rails/actionpack/lib/action_controller/dispatcher.rb:134:in `dispatch_cgi'
    vendor/rails/actionpack/lib/action_controller/dispatcher.rb:41:in `dispatch'
    vendor/rails/railties/lib/webrick_server.rb:103:in `handle_dispatch'
    vendor/rails/railties/lib/webrick_server.rb:74:in `service'
    /usr/lib/ruby/1.8/webrick/httpserver.rb:104:in `service'
    /usr/lib/ruby/1.8/webrick/httpserver.rb:65:in `run'
    /usr/lib/ruby/1.8/webrick/server.rb:173:in `start_thread'
    /usr/lib/ruby/1.8/webrick/server.rb:162:in `start'
    /usr/lib/ruby/1.8/webrick/server.rb:162:in `start_thread'
    /usr/lib/ruby/1.8/webrick/server.rb:95:in `start'
    /usr/lib/ruby/1.8/webrick/server.rb:92:in `each'
    /usr/lib/ruby/1.8/webrick/server.rb:92:in `start'
    /usr/lib/ruby/1.8/webrick/server.rb:23:in `start'
    /usr/lib/ruby/1.8/webrick/server.rb:82:in `start'
    vendor/rails/railties/lib/webrick_server.rb:60:in `dispatch'
    vendor/rails/railties/lib/commands/servers/webrick.rb:66
    /usr/lib/ruby/1.8/rubygems/custom_require.rb:31:in `gem_original_require'
    /usr/lib/ruby/1.8/rubygems/custom_require.rb:31:in `require'
    vendor/rails/activesupport/lib/active_support/dependencies.rb:153:in `require'
    vendor/rails/activesupport/lib/active_support/dependencies.rb:521:in `new_constants_in'
    vendor/rails/activesupport/lib/active_support/dependencies.rb:153:in `require'
    vendor/rails/railties/lib/commands/server.rb:49
    /usr/lib/ruby/1.8/rubygems/custom_require.rb:31:in `gem_original_require'
    /usr/lib/ruby/1.8/rubygems/custom_require.rb:31:in `require'
    script/server:3

Rendered /home/heber/coconut/vendor/rails/actionpack/lib/action_controller/templates/rescues/_trace (84.6ms)
Rendered /home/heber/coconut/vendor/rails/actionpack/lib/action_controller/templates/rescues/_request_and_response (1.0ms)
Rendering /home/heber/coconut/vendor/rails/actionpack/lib/action_controller/templates/rescues/layout.erb (internal_server_error)


Processing FlightsController#create (for 127.0.0.1 at 2010-10-04 14:20:48) [POST]
  Parameters: {"commit"=>"Create", "authenticity_token"=>"4d23c4a044c5f663dedf64fc2db050a4cd32f5a4", "flight"=>{"departure(1i)"=>"2010", "departure(2i)"=>"10", "departure(3i)"=>"4", "destination"=>"são paulo", "departure(4i)"=>"17", "departure(5i)"=>"00", "arrival(1i)"=>"2010", "baggage_allowance"=>"5", "arrival(2i)"=>"10", "capacity"=>"10", "arrival(3i)"=>"4", "arrival(4i)"=>"19", "arrival(5i)"=>"00"}}
  [4;35;1mFlight Create (0.3ms)[0m   [0mINSERT INTO "flights" ("departure", "created_at", "destination", "updated_at", "arrival", "baggage_allowance", "capacity") VALUES('2010-10-04 17:00:00', '2010-10-04 17:20:48', 'são paulo', '2010-10-04 17:20:48', '2010-10-04 19:00:00', 5.0, 10)[0m
Redirected to #<Flight:0xb7002780>
Completed in 109ms (DB: 0) | 302 Found [http://localhost/flights]


Processing FlightsController#show (for 127.0.0.1 at 2010-10-04 14:20:48) [GET]
  Parameters: {"id"=>"3"}
  [4;36;1mFlight Load (0.3ms)[0m   [0;1mSELECT * FROM "flights" WHERE ("flights"."id" = 3) [0m
Rendering template within layouts/flights
Rendering flights/show


ActionView::TemplateError (/home/heber/coconut/app/models/seat.rb:10: syntax error, unexpected $end, expecting kEND) on line #26 of app/views/flights/show.html.erb:
23:   <%=h @flight.capacity %>
24: </p>
25: 
26: <%= render :partial=>"seat_list", :locals=>{:seats=>@flight.seats}%>
27: 
28: <%= render :partial=>"new_seat", :locals=>{:seat=>Seat.new(:flight_id=>@flight.id)} %>
29: 

    vendor/rails/activesupport/lib/active_support/dependencies.rb:382:in `load_without_new_constant_marking'
    vendor/rails/activesupport/lib/active_support/dependencies.rb:382:in `load_file'
    vendor/rails/activesupport/lib/active_support/dependencies.rb:521:in `new_constants_in'
    vendor/rails/activesupport/lib/active_support/dependencies.rb:381:in `load_file'
    vendor/rails/activesupport/lib/active_support/dependencies.rb:256:in `require_or_load'
    vendor/rails/activesupport/lib/active_support/dependencies.rb:427:in `load_missing_constant'
    vendor/rails/activesupport/lib/active_support/dependencies.rb:77:in `const_missing'
    vendor/rails/activesupport/lib/active_support/dependencies.rb:89:in `const_missing'
    vendor/rails/activesupport/lib/active_support/dependencies.rb:439:in `load_missing_constant'
    vendor/rails/activesupport/lib/active_support/dependencies.rb:93:in `const_missing'
    vendor/rails/activerecord/lib/active_record/base.rb:2049:in `compute_type'
    vendor/rails/activesupport/lib/active_support/core_ext/kernel/reporting.rb:11:in `silence_warnings'
    vendor/rails/activerecord/lib/active_record/base.rb:2047:in `compute_type'
    vendor/rails/activerecord/lib/active_record/reflection.rb:151:in `send'
    vendor/rails/activerecord/lib/active_record/reflection.rb:151:in `klass'
    vendor/rails/activerecord/lib/active_record/reflection.rb:182:in `quoted_table_name'
    vendor/rails/activerecord/lib/active_record/associations/has_many_association.rb:96:in `construct_sql'
    vendor/rails/activerecord/lib/active_record/associations/association_collection.rb:21:in `initialize'
    vendor/rails/activerecord/lib/active_record/associations.rb:1297:in `new'
    vendor/rails/activerecord/lib/active_record/associations.rb:1297:in `seats'
    app/views/flights/show.html.erb:26
    vendor/rails/actionpack/lib/action_view/renderable.rb:39:in `send'
    vendor/rails/actionpack/lib/action_view/renderable.rb:39:in `render'
    vendor/rails/actionpack/lib/action_view/template.rb:73:in `render_template'
    vendor/rails/actionpack/lib/action_view/base.rb:256:in `render'
    vendor/rails/actionpack/lib/action_view/base.rb:369:in `_render_with_layout'
    vendor/rails/actionpack/lib/action_view/base.rb:254:in `render'
    vendor/rails/actionpack/lib/action_controller/base.rb:1177:in `render_for_file'
    vendor/rails/actionpack/lib/action_controller/base.rb:905:in `render_without_benchmark'
    vendor/rails/actionpack/lib/action_controller/benchmarking.rb:51:in `render'
    vendor/rails/activesupport/lib/active_support/core_ext/benchmark.rb:8:in `realtime'
    vendor/rails/actionpack/lib/action_controller/benchmarking.rb:51:in `render'
    vendor/rails/actionpack/lib/action_controller/mime_responds.rb:135:in `send'
    vendor/rails/actionpack/lib/action_controller/mime_responds.rb:135
    vendor/rails/actionpack/lib/action_controller/mime_responds.rb:164:in `call'
    vendor/rails/actionpack/lib/action_controller/mime_responds.rb:164:in `respond'
    vendor/rails/actionpack/lib/action_controller/mime_responds.rb:158:in `each'
    vendor/rails/actionpack/lib/action_controller/mime_responds.rb:158:in `respond'
    vendor/rails/actionpack/lib/action_controller/mime_responds.rb:107:in `respond_to'
    app/controllers/flights_controller.rb:18:in `show'
    vendor/rails/actionpack/lib/action_controller/base.rb:1256:in `send'
    vendor/rails/actionpack/lib/action_controller/base.rb:1256:in `perform_action_without_filters'
    vendor/rails/actionpack/lib/action_controller/filters.rb:617:in `call_filters'
    vendor/rails/actionpack/lib/action_controller/filters.rb:610:in `perform_action_without_benchmark'
    vendor/rails/actionpack/lib/action_controller/benchmarking.rb:68:in `perform_action_without_rescue'
    /usr/lib/ruby/1.8/benchmark.rb:293:in `measure'
    vendor/rails/actionpack/lib/action_controller/benchmarking.rb:68:in `perform_action_without_rescue'
    vendor/rails/actionpack/lib/action_controller/rescue.rb:136:in `perform_action_without_caching'
    vendor/rails/actionpack/lib/action_controller/caching/sql_cache.rb:13:in `perform_action'
    vendor/rails/activerecord/lib/active_record/connection_adapters/abstract/query_cache.rb:34:in `cache'
    vendor/rails/activerecord/lib/active_record/query_cache.rb:8:in `cache'
    vendor/rails/actionpack/lib/action_controller/caching/sql_cache.rb:12:in `perform_action'
    vendor/rails/actionpack/lib/action_controller/base.rb:524:in `send'
    vendor/rails/actionpack/lib/action_controller/base.rb:524:in `process_without_filters'
    vendor/rails/actionpack/lib/action_controller/filters.rb:606:in `process_without_session_management_support'
    vendor/rails/actionpack/lib/action_controller/session_management.rb:134:in `process'
    vendor/rails/actionpack/lib/action_controller/base.rb:392:in `process'
    vendor/rails/actionpack/lib/action_controller/dispatcher.rb:184:in `handle_request'
    vendor/rails/actionpack/lib/action_controller/dispatcher.rb:112:in `dispatch_unlocked'
    vendor/rails/actionpack/lib/action_controller/dispatcher.rb:125:in `dispatch'
    vendor/rails/actionpack/lib/action_controller/dispatcher.rb:124:in `synchronize'
    vendor/rails/actionpack/lib/action_controller/dispatcher.rb:124:in `dispatch'
    vendor/rails/actionpack/lib/action_controller/dispatcher.rb:134:in `dispatch_cgi'
    vendor/rails/actionpack/lib/action_controller/dispatcher.rb:41:in `dispatch'
    vendor/rails/railties/lib/webrick_server.rb:103:in `handle_dispatch'
    vendor/rails/railties/lib/webrick_server.rb:74:in `service'
    /usr/lib/ruby/1.8/webrick/httpserver.rb:104:in `service'
    /usr/lib/ruby/1.8/webrick/httpserver.rb:65:in `run'
    /usr/lib/ruby/1.8/webrick/server.rb:173:in `start_thread'
    /usr/lib/ruby/1.8/webrick/server.rb:162:in `start'
    /usr/lib/ruby/1.8/webrick/server.rb:162:in `start_thread'
    /usr/lib/ruby/1.8/webrick/server.rb:95:in `start'
    /usr/lib/ruby/1.8/webrick/server.rb:92:in `each'
    /usr/lib/ruby/1.8/webrick/server.rb:92:in `start'
    /usr/lib/ruby/1.8/webrick/server.rb:23:in `start'
    /usr/lib/ruby/1.8/webrick/server.rb:82:in `start'
    vendor/rails/railties/lib/webrick_server.rb:60:in `dispatch'
    vendor/rails/railties/lib/commands/servers/webrick.rb:66
    /usr/lib/ruby/1.8/rubygems/custom_require.rb:31:in `gem_original_require'
    /usr/lib/ruby/1.8/rubygems/custom_require.rb:31:in `require'
    vendor/rails/activesupport/lib/active_support/dependencies.rb:153:in `require'
    vendor/rails/activesupport/lib/active_support/dependencies.rb:521:in `new_constants_in'
    vendor/rails/activesupport/lib/active_support/dependencies.rb:153:in `require'
    vendor/rails/railties/lib/commands/server.rb:49
    /usr/lib/ruby/1.8/rubygems/custom_require.rb:31:in `gem_original_require'
    /usr/lib/ruby/1.8/rubygems/custom_require.rb:31:in `require'
    script/server:3

Rendered /home/heber/coconut/vendor/rails/actionpack/lib/action_controller/templates/rescues/_trace (28.1ms)
Rendered /home/heber/coconut/vendor/rails/actionpack/lib/action_controller/templates/rescues/_request_and_response (0.9ms)
Rendering /home/heber/coconut/vendor/rails/actionpack/lib/action_controller/templates/rescues/layout.erb (internal_server_error)


Processing FlightsController#create (for 127.0.0.1 at 2010-10-04 14:22:46) [POST]
  Parameters: {"commit"=>"Create", "authenticity_token"=>"4d23c4a044c5f663dedf64fc2db050a4cd32f5a4", "flight"=>{"departure(1i)"=>"2010", "departure(2i)"=>"10", "departure(3i)"=>"4", "destination"=>"são paulo", "departure(4i)"=>"17", "departure(5i)"=>"00", "arrival(1i)"=>"2010", "baggage_allowance"=>"5", "arrival(2i)"=>"10", "capacity"=>"10", "arrival(3i)"=>"4", "arrival(4i)"=>"19", "arrival(5i)"=>"00"}}
  [4;35;1mFlight Create (0.2ms)[0m   [0mINSERT INTO "flights" ("departure", "created_at", "destination", "updated_at", "arrival", "baggage_allowance", "capacity") VALUES('2010-10-04 17:00:00', '2010-10-04 17:22:46', 'são paulo', '2010-10-04 17:22:46', '2010-10-04 19:00:00', 5.0, 10)[0m
Redirected to #<Flight:0xb6de91ec>
Completed in 106ms (DB: 0) | 302 Found [http://localhost/flights]


Processing FlightsController#show (for 127.0.0.1 at 2010-10-04 14:22:47) [GET]
  Parameters: {"id"=>"4"}
  [4;36;1mFlight Load (0.3ms)[0m   [0;1mSELECT * FROM "flights" WHERE ("flights"."id" = 4) [0m
Rendering template within layouts/flights
Rendering flights/show
  [4;35;1mSeat Load (0.2ms)[0m   [0mSELECT * FROM "seats" WHERE ("seats".flight_id = 4) [0m
Rendered flights/_seat_list (0.9ms)
Rendered flights/_new_seat (3.1ms)
Completed in 28ms (View: 19, DB: 1) | 200 OK [http://localhost/flights/4]


Processing FlightsController#show (for 127.0.0.1 at 2010-10-04 14:22:57) [GET]
  Parameters: {"id"=>"4"}
  [4;36;1mFlight Load (0.3ms)[0m   [0;1mSELECT * FROM "flights" WHERE ("flights"."id" = 4) [0m
Rendering template within layouts/flights
Rendering flights/show
  [4;35;1mSeat Load (0.3ms)[0m   [0mSELECT * FROM "seats" WHERE ("seats".flight_id = 4) [0m
Rendered flights/_seat_list (1.1ms)
Rendered flights/_new_seat (3.1ms)
Completed in 28ms (View: 18, DB: 1) | 200 OK [http://localhost/flights/4]


Processing SeatsController#create (for 127.0.0.1 at 2010-10-04 14:23:13) [POST]
  Parameters: {"commit"=>"Create", "authenticity_token"=>"4d23c4a044c5f663dedf64fc2db050a4cd32f5a4", "seat"=>{"name"=>"heber", "flight_id"=>"4", "baggage"=>"1"}}
  [4;36;1mFlight Load (0.4ms)[0m   [0;1mSELECT * FROM "flights" WHERE ("flights"."id" = 4) [0m


NoMethodError (NoMethodError):
    /vendor/rails/activerecord/lib/active_record/associations/association_proxy.rb:209:in `method_missing'
    /app/models/seat.rb:7:in `validate'
    /vendor/rails/activerecord/lib/active_record/validations.rb:1030:in `valid_without_callbacks?'
    /vendor/rails/activerecord/lib/active_record/callbacks.rb:286:in `valid?'
    /vendor/rails/activerecord/lib/active_record/validations.rb:1008:in `save_without_dirty'
    /vendor/rails/activerecord/lib/active_record/dirty.rb:79:in `save_without_transactions'
    /vendor/rails/activerecord/lib/active_record/transactions.rb:179:in `send'
    /vendor/rails/activerecord/lib/active_record/transactions.rb:179:in `with_transaction_returning_status'
    /vendor/rails/activerecord/lib/active_record/connection_adapters/abstract/database_statements.rb:66:in `transaction'
    /vendor/rails/activerecord/lib/active_record/transactions.rb:129:in `transaction'
    /vendor/rails/activerecord/lib/active_record/transactions.rb:178:in `with_transaction_returning_status'
    /vendor/rails/activerecord/lib/active_record/transactions.rb:146:in `save'
    /vendor/rails/activerecord/lib/active_record/transactions.rb:158:in `rollback_active_record_state!'
    /vendor/rails/activerecord/lib/active_record/transactions.rb:146:in `save'
    /app/controllers/seats_controller.rb:46
    /vendor/rails/actionpack/lib/action_controller/mime_responds.rb:106:in `call'
    /vendor/rails/actionpack/lib/action_controller/mime_responds.rb:106:in `respond_to'
    /app/controllers/seats_controller.rb:45:in `create'
    /vendor/rails/actionpack/lib/action_controller/base.rb:1256:in `send'
    /vendor/rails/actionpack/lib/action_controller/base.rb:1256:in `perform_action_without_filters'
    /vendor/rails/actionpack/lib/action_controller/filters.rb:617:in `call_filters'
    /vendor/rails/actionpack/lib/action_controller/filters.rb:610:in `perform_action_without_benchmark'
    /vendor/rails/actionpack/lib/action_controller/benchmarking.rb:68:in `perform_action_without_rescue'
    /usr/lib/ruby/1.8/benchmark.rb:293:in `measure'
    /vendor/rails/actionpack/lib/action_controller/benchmarking.rb:68:in `perform_action_without_rescue'
    /vendor/rails/actionpack/lib/action_controller/rescue.rb:136:in `perform_action_without_caching'
    /vendor/rails/actionpack/lib/action_controller/caching/sql_cache.rb:13:in `perform_action'
    /vendor/rails/activerecord/lib/active_record/connection_adapters/abstract/query_cache.rb:34:in `cache'
    /vendor/rails/activerecord/lib/active_record/query_cache.rb:8:in `cache'
    /vendor/rails/actionpack/lib/action_controller/caching/sql_cache.rb:12:in `perform_action'
    /vendor/rails/actionpack/lib/action_controller/base.rb:524:in `send'
    /vendor/rails/actionpack/lib/action_controller/base.rb:524:in `process_without_filters'
    /vendor/rails/actionpack/lib/action_controller/filters.rb:606:in `process_without_session_management_support'
    /vendor/rails/actionpack/lib/action_controller/session_management.rb:134:in `process'
    /vendor/rails/actionpack/lib/action_controller/base.rb:392:in `process'
    /vendor/rails/actionpack/lib/action_controller/dispatcher.rb:184:in `handle_request'
    /vendor/rails/actionpack/lib/action_controller/dispatcher.rb:112:in `dispatch_unlocked'
    /vendor/rails/actionpack/lib/action_controller/dispatcher.rb:125:in `dispatch'
    /vendor/rails/actionpack/lib/action_controller/dispatcher.rb:124:in `synchronize'
    /vendor/rails/actionpack/lib/action_controller/dispatcher.rb:124:in `dispatch'
    /vendor/rails/actionpack/lib/action_controller/dispatcher.rb:134:in `dispatch_cgi'
    /vendor/rails/actionpack/lib/action_controller/dispatcher.rb:41:in `dispatch'
    /vendor/rails/railties/lib/webrick_server.rb:103:in `handle_dispatch'
    /vendor/rails/railties/lib/webrick_server.rb:74:in `service'
    /usr/lib/ruby/1.8/webrick/httpserver.rb:104:in `service'
    /usr/lib/ruby/1.8/webrick/httpserver.rb:65:in `run'
    /usr/lib/ruby/1.8/webrick/server.rb:173:in `start_thread'
    /usr/lib/ruby/1.8/webrick/server.rb:162:in `start'
    /usr/lib/ruby/1.8/webrick/server.rb:162:in `start_thread'
    /usr/lib/ruby/1.8/webrick/server.rb:95:in `start'
    /usr/lib/ruby/1.8/webrick/server.rb:92:in `each'
    /usr/lib/ruby/1.8/webrick/server.rb:92:in `start'
    /usr/lib/ruby/1.8/webrick/server.rb:23:in `start'
    /usr/lib/ruby/1.8/webrick/server.rb:82:in `start'
    /vendor/rails/railties/lib/webrick_server.rb:60:in `dispatch'
    /vendor/rails/railties/lib/commands/servers/webrick.rb:66
    /usr/lib/ruby/1.8/rubygems/custom_require.rb:31:in `gem_original_require'
    /usr/lib/ruby/1.8/rubygems/custom_require.rb:31:in `require'
    /vendor/rails/activesupport/lib/active_support/dependencies.rb:153:in `require'
    /vendor/rails/activesupport/lib/active_support/dependencies.rb:521:in `new_constants_in'
    /vendor/rails/activesupport/lib/active_support/dependencies.rb:153:in `require'
    /vendor/rails/railties/lib/commands/server.rb:49
    /usr/lib/ruby/1.8/rubygems/custom_require.rb:31:in `gem_original_require'
    /usr/lib/ruby/1.8/rubygems/custom_require.rb:31:in `require'
    script/server:3

Rendered /home/heber/coconut/vendor/rails/actionpack/lib/action_controller/templates/rescues/_trace (31.1ms)
Rendered /home/heber/coconut/vendor/rails/actionpack/lib/action_controller/templates/rescues/_request_and_response (1.0ms)
Rendering /home/heber/coconut/vendor/rails/actionpack/lib/action_controller/templates/rescues/layout.erb (internal_server_error)


Processing SeatsController#create (for 127.0.0.1 at 2010-10-04 14:33:37) [POST]
  Parameters: {"commit"=>"Create", "authenticity_token"=>"4d23c4a044c5f663dedf64fc2db050a4cd32f5a4", "seat"=>{"name"=>"evelyn", "flight_id"=>"4", "baggage"=>"2"}}
  [4;35;1mSeat Create (0.2ms)[0m   [0mINSERT INTO "seats" ("name", "flight_id", "created_at", "baggage", "updated_at") VALUES('evelyn', 4, '2010-10-04 17:33:37', 2.0, '2010-10-04 17:33:37')[0m
Redirected to #<Seat:0xb6e424b8>
Completed in 111ms (DB: 0) | 302 Found [http://localhost/seats]


Processing SeatsController#show (for 127.0.0.1 at 2010-10-04 14:33:37) [GET]
  Parameters: {"id"=>"1"}
  [4;36;1mSeat Load (0.3ms)[0m   [0;1mSELECT * FROM "seats" WHERE ("seats"."id" = 1) [0m
Rendering template within layouts/seats
Rendering seats/show
Completed in 20ms (View: 11, DB: 0) | 200 OK [http://localhost/seats/1]


Processing SeatsController#index (for 127.0.0.1 at 2010-10-04 14:33:41) [GET]
  [4;35;1mSeat Load (0.5ms)[0m   [0mSELECT * FROM "seats" [0m
Rendering template within layouts/seats
Rendering seats/index
Completed in 17ms (View: 9, DB: 1) | 200 OK [http://localhost/seats]


Processing FlightsController#index (for 127.0.0.1 at 2010-10-04 14:33:49) [GET]
  [4;36;1mFlight Load (1.0ms)[0m   [0;1mSELECT * FROM "flights" [0m
Rendering template within layouts/flights
Rendering flights/index
Completed in 29ms (View: 21, DB: 1) | 200 OK [http://localhost/flights]


Processing FlightsController#show (for 127.0.0.1 at 2010-10-04 14:33:53) [GET]
  Parameters: {"id"=>"1"}
  [4;35;1mFlight Load (0.3ms)[0m   [0mSELECT * FROM "flights" WHERE ("flights"."id" = 1) [0m
Rendering template within layouts/flights
Rendering flights/show
  [4;36;1mSeat Load (0.2ms)[0m   [0;1mSELECT * FROM "seats" WHERE ("seats".flight_id = 1) [0m
Rendered flights/_seat_list (0.8ms)
Rendered flights/_new_seat (3.0ms)
Completed in 27ms (View: 18, DB: 1) | 200 OK [http://localhost/flights/1]


Processing FlightsController#show (for 127.0.0.1 at 2010-10-04 14:33:59) [GET]
  Parameters: {"id"=>"2"}
  [4;35;1mFlight Load (0.3ms)[0m   [0mSELECT * FROM "flights" WHERE ("flights"."id" = 2) [0m
Rendering template within layouts/flights
Rendering flights/show
  [4;36;1mSeat Load (0.2ms)[0m   [0;1mSELECT * FROM "seats" WHERE ("seats".flight_id = 2) [0m
Rendered flights/_seat_list (0.8ms)
Rendered flights/_new_seat (3.1ms)
Completed in 27ms (View: 18, DB: 1) | 200 OK [http://localhost/flights/2]


Processing FlightsController#show (for 127.0.0.1 at 2010-10-04 14:34:05) [GET]
  Parameters: {"id"=>"3"}
  [4;35;1mFlight Load (0.3ms)[0m   [0mSELECT * FROM "flights" WHERE ("flights"."id" = 3) [0m
Rendering template within layouts/flights
Rendering flights/show
  [4;36;1mSeat Load (0.2ms)[0m   [0;1mSELECT * FROM "seats" WHERE ("seats".flight_id = 3) [0m
Rendered flights/_seat_list (0.8ms)
Rendered flights/_new_seat (3.4ms)
Completed in 27ms (View: 18, DB: 0) | 200 OK [http://localhost/flights/3]


Processing FlightsController#show (for 127.0.0.1 at 2010-10-04 14:34:09) [GET]
  Parameters: {"id"=>"4"}
  [4;35;1mFlight Load (0.3ms)[0m   [0mSELECT * FROM "flights" WHERE ("flights"."id" = 4) [0m
Rendering template within layouts/flights
Rendering flights/show
  [4;36;1mSeat Load (0.4ms)[0m   [0;1mSELECT * FROM "seats" WHERE ("seats".flight_id = 4) [0m
Rendered flights/_seat_list (7.9ms)
Rendered flights/_new_seat (2.9ms)
Completed in 84ms (View: 75, DB: 1) | 200 OK [http://localhost/flights/4]


Processing FlightsController#destroy (for 127.0.0.1 at 2010-10-04 14:34:16) [DELETE]
  Parameters: {"authenticity_token"=>"4d23c4a044c5f663dedf64fc2db050a4cd32f5a4", "id"=>"1"}
  [4;35;1mFlight Load (0.7ms)[0m   [0mSELECT * FROM "flights" WHERE ("flights"."id" = 1) [0m
  [4;36;1mFlight Destroy (0.3ms)[0m   [0;1mDELETE FROM "flights" WHERE "id" = 1[0m
Redirected to http://localhost:3000/flights
Completed in 93ms (DB: 1) | 302 Found [http://localhost/flights/1]


Processing FlightsController#index (for 127.0.0.1 at 2010-10-04 14:34:17) [GET]
  [4;35;1mFlight Load (0.8ms)[0m   [0mSELECT * FROM "flights" [0m
Rendering template within layouts/flights
Rendering flights/index
Completed in 25ms (View: 18, DB: 1) | 200 OK [http://localhost/flights]


Processing FlightsController#destroy (for 127.0.0.1 at 2010-10-04 14:34:19) [DELETE]
  Parameters: {"authenticity_token"=>"4d23c4a044c5f663dedf64fc2db050a4cd32f5a4", "id"=>"2"}
  [4;36;1mFlight Load (0.7ms)[0m   [0;1mSELECT * FROM "flights" WHERE ("flights"."id" = 2) [0m
  [4;35;1mFlight Destroy (0.2ms)[0m   [0mDELETE FROM "flights" WHERE "id" = 2[0m
Redirected to http://localhost:3000/flights
Completed in 90ms (DB: 1) | 302 Found [http://localhost/flights/2]


Processing FlightsController#index (for 127.0.0.1 at 2010-10-04 14:34:19) [GET]
  [4;36;1mFlight Load (0.7ms)[0m   [0;1mSELECT * FROM "flights" [0m
Rendering template within layouts/flights
Rendering flights/index
Completed in 24ms (View: 15, DB: 1) | 200 OK [http://localhost/flights]


Processing FlightsController#destroy (for 127.0.0.1 at 2010-10-04 14:34:21) [DELETE]
  Parameters: {"authenticity_token"=>"4d23c4a044c5f663dedf64fc2db050a4cd32f5a4", "id"=>"3"}
  [4;35;1mFlight Load (0.4ms)[0m   [0mSELECT * FROM "flights" WHERE ("flights"."id" = 3) [0m
  [4;36;1mFlight Destroy (0.2ms)[0m   [0;1mDELETE FROM "flights" WHERE "id" = 3[0m
Redirected to http://localhost:3000/flights
Completed in 115ms (DB: 1) | 302 Found [http://localhost/flights/3]


Processing FlightsController#index (for 127.0.0.1 at 2010-10-04 14:34:22) [GET]
  [4;35;1mFlight Load (0.6ms)[0m   [0mSELECT * FROM "flights" [0m
Rendering template within layouts/flights
Rendering flights/index
Completed in 18ms (View: 11, DB: 1) | 200 OK [http://localhost/flights]


Processing FlightsController#show (for 127.0.0.1 at 2010-10-04 14:34:23) [GET]
  Parameters: {"id"=>"4"}
  [4;36;1mFlight Load (0.3ms)[0m   [0;1mSELECT * FROM "flights" WHERE ("flights"."id" = 4) [0m
Rendering template within layouts/flights
Rendering flights/show
  [4;35;1mSeat Load (0.4ms)[0m   [0mSELECT * FROM "seats" WHERE ("seats".flight_id = 4) [0m
Rendered flights/_seat_list (7.2ms)
Rendered flights/_new_seat (2.7ms)
Completed in 32ms (View: 22, DB: 1) | 200 OK [http://localhost/flights/4]


Processing SeatsController#create (for 127.0.0.1 at 2010-10-04 14:34:34) [POST]
  Parameters: {"commit"=>"Create", "authenticity_token"=>"4d23c4a044c5f663dedf64fc2db050a4cd32f5a4", "seat"=>{"name"=>"heber", "flight_id"=>"4", "baggage"=>"3"}}
  [4;36;1mSeat Create (0.2ms)[0m   [0;1mINSERT INTO "seats" ("name", "flight_id", "created_at", "baggage", "updated_at") VALUES('heber', 4, '2010-10-04 17:34:34', 3.0, '2010-10-04 17:34:34')[0m
Redirected to #<Seat:0xb7009e04>
Completed in 107ms (DB: 0) | 302 Found [http://localhost/seats]


Processing SeatsController#show (for 127.0.0.1 at 2010-10-04 14:34:34) [GET]
  Parameters: {"id"=>"2"}
  [4;35;1mSeat Load (0.4ms)[0m   [0mSELECT * FROM "seats" WHERE ("seats"."id" = 2) [0m
Rendering template within layouts/seats
Rendering seats/show
Completed in 13ms (View: 5, DB: 0) | 200 OK [http://localhost/seats/2]


Processing FlightsController#show (for 127.0.0.1 at 2010-10-04 14:34:39) [GET]
  Parameters: {"id"=>"4"}
  [4;36;1mFlight Load (0.3ms)[0m   [0;1mSELECT * FROM "flights" WHERE ("flights"."id" = 4) [0m
Rendering template within layouts/flights
Rendering flights/show
  [4;35;1mSeat Load (0.4ms)[0m   [0mSELECT * FROM "seats" WHERE ("seats".flight_id = 4) [0m
Rendered flights/_seat_list (10.1ms)
Rendered flights/_new_seat (2.7ms)
Completed in 34ms (View: 24, DB: 1) | 200 OK [http://localhost/flights/4]


Processing SeatsController#create (for 127.0.0.1 at 2010-10-04 14:36:04) [POST]
  Parameters: {"commit"=>"Create", "authenticity_token"=>"4d23c4a044c5f663dedf64fc2db050a4cd32f5a4", "seat"=>{"name"=>"jorge", "flight_id"=>"4", "baggage"=>"4"}}
  [4;36;1mFlight Load (0.3ms)[0m   [0;1mSELECT * FROM "flights" WHERE ("flights"."id" = 4) [0m
  [4;35;1mSeat Create (0.2ms)[0m   [0mINSERT INTO "seats" ("name", "flight_id", "created_at", "baggage", "updated_at") VALUES('jorge', 4, '2010-10-04 17:36:04', 4.0, '2010-10-04 17:36:04')[0m
Redirected to #<Seat:0xb6e65d64>
Completed in 123ms (DB: 1) | 302 Found [http://localhost/seats]


Processing SeatsController#show (for 127.0.0.1 at 2010-10-04 14:36:04) [GET]
  Parameters: {"id"=>"3"}
  [4;36;1mSeat Load (0.3ms)[0m   [0;1mSELECT * FROM "seats" WHERE ("seats"."id" = 3) [0m
Rendering template within layouts/seats
Rendering seats/show
Completed in 13ms (View: 5, DB: 0) | 200 OK [http://localhost/seats/3]


Processing FlightsController#show (for 127.0.0.1 at 2010-10-04 14:36:08) [GET]
  Parameters: {"id"=>"4"}
  [4;35;1mFlight Load (0.4ms)[0m   [0mSELECT * FROM "flights" WHERE ("flights"."id" = 4) [0m
Rendering template within layouts/flights
Rendering flights/show
  [4;36;1mSeat Load (0.6ms)[0m   [0;1mSELECT * FROM "seats" WHERE ("seats".flight_id = 4) [0m
Rendered flights/_seat_list (14.6ms)
Rendered flights/_new_seat (2.8ms)
Completed in 88ms (View: 29, DB: 1) | 200 OK [http://localhost/flights/4]


Processing SeatsController#create (for 127.0.0.1 at 2010-10-04 14:36:18) [POST]
  Parameters: {"commit"=>"Create", "authenticity_token"=>"4d23c4a044c5f663dedf64fc2db050a4cd32f5a4", "seat"=>{"name"=>"kiko", "flight_id"=>"4", "baggage"=>"5"}}
  [4;35;1mFlight Load (0.4ms)[0m   [0mSELECT * FROM "flights" WHERE ("flights"."id" = 4) [0m
  [4;36;1mSeat Create (0.2ms)[0m   [0;1mINSERT INTO "seats" ("name", "flight_id", "created_at", "baggage", "updated_at") VALUES('kiko', 4, '2010-10-04 17:36:18', 5.0, '2010-10-04 17:36:18')[0m
Redirected to #<Seat:0xb6fff670>
Completed in 114ms (DB: 1) | 302 Found [http://localhost/seats]


Processing SeatsController#show (for 127.0.0.1 at 2010-10-04 14:36:18) [GET]
  Parameters: {"id"=>"4"}
  [4;35;1mSeat Load (0.3ms)[0m   [0mSELECT * FROM "seats" WHERE ("seats"."id" = 4) [0m
Rendering template within layouts/seats
Rendering seats/show
Completed in 13ms (View: 5, DB: 0) | 200 OK [http://localhost/seats/4]


Processing FlightsController#show (for 127.0.0.1 at 2010-10-04 14:36:21) [GET]
  Parameters: {"id"=>"4"}
  [4;36;1mFlight Load (0.3ms)[0m   [0;1mSELECT * FROM "flights" WHERE ("flights"."id" = 4) [0m
Rendering template within layouts/flights
Rendering flights/show
  [4;35;1mSeat Load (0.7ms)[0m   [0mSELECT * FROM "seats" WHERE ("seats".flight_id = 4) [0m
Rendered flights/_seat_list (17.2ms)
Rendered flights/_new_seat (2.7ms)
Completed in 41ms (View: 31, DB: 1) | 200 OK [http://localhost/flights/4]


Processing SeatsController#create (for 127.0.0.1 at 2010-10-04 14:37:16) [POST]
  Parameters: {"commit"=>"Create", "authenticity_token"=>"4d23c4a044c5f663dedf64fc2db050a4cd32f5a4", "seat"=>{"name"=>"rodrigo", "flight_id"=>"4", "baggage"=>"6"}}
  [4;36;1mFlight Load (0.3ms)[0m   [0;1mSELECT * FROM "flights" WHERE ("flights"."id" = 4) [0m
  [4;35;1mSQL (0.2ms)[0m   [0mSELECT count(*) AS count_all FROM "seats" WHERE ("seats".flight_id = 4) [0m
Rendering template within layouts/seats
Rendering seats/new
Completed in 26ms (View: 9, DB: 1) | 200 OK [http://localhost/seats]


Processing FlightsController#show (for 127.0.0.1 at 2010-10-04 14:37:26) [GET]
  Parameters: {"id"=>"4"}
  [4;36;1mFlight Load (0.3ms)[0m   [0;1mSELECT * FROM "flights" WHERE ("flights"."id" = 4) [0m
Rendering template within layouts/flights
Rendering flights/show
  [4;35;1mSeat Load (0.6ms)[0m   [0mSELECT * FROM "seats" WHERE ("seats".flight_id = 4) [0m
Rendered flights/_seat_list (69.1ms)
Rendered flights/_new_seat (2.8ms)
Completed in 93ms (View: 83, DB: 1) | 200 OK [http://localhost/flights/4]


Processing FlightsController#show (for 127.0.0.1 at 2010-10-04 14:37:28) [GET]
  Parameters: {"id"=>"4"}
  [4;36;1mFlight Load (0.3ms)[0m   [0;1mSELECT * FROM "flights" WHERE ("flights"."id" = 4) [0m
Rendering template within layouts/flights
Rendering flights/show
  [4;35;1mSeat Load (0.6ms)[0m   [0mSELECT * FROM "seats" WHERE ("seats".flight_id = 4) [0m
Rendered flights/_seat_list (17.3ms)
Rendered flights/_new_seat (2.8ms)
Completed in 41ms (View: 32, DB: 1) | 200 OK [http://localhost/flights/4]


Processing SeatsController#create (for 127.0.0.1 at 2010-10-04 14:37:44) [POST]
  Parameters: {"commit"=>"Create", "authenticity_token"=>"4d23c4a044c5f663dedf64fc2db050a4cd32f5a4", "seat"=>{"name"=>"rodrigo", "flight_id"=>"4", "baggage"=>"5"}}
  [4;36;1mFlight Load (0.4ms)[0m   [0;1mSELECT * FROM "flights" WHERE ("flights"."id" = 4) [0m
  [4;35;1mSQL (0.2ms)[0m   [0mSELECT count(*) AS count_all FROM "seats" WHERE ("seats".flight_id = 4) [0m
  [4;36;1mSeat Create (0.2ms)[0m   [0;1mINSERT INTO "seats" ("name", "flight_id", "created_at", "baggage", "updated_at") VALUES('rodrigo', 4, '2010-10-04 17:37:44', 5.0, '2010-10-04 17:37:44')[0m
Redirected to #<Seat:0xb6f19878>
Completed in 118ms (DB: 1) | 302 Found [http://localhost/seats]


Processing SeatsController#show (for 127.0.0.1 at 2010-10-04 14:37:44) [GET]
  Parameters: {"id"=>"5"}
  [4;35;1mSeat Load (0.3ms)[0m   [0mSELECT * FROM "seats" WHERE ("seats"."id" = 5) [0m
Rendering template within layouts/seats
Rendering seats/show
Completed in 14ms (View: 5, DB: 0) | 200 OK [http://localhost/seats/5]


Processing FlightsController#show (for 127.0.0.1 at 2010-10-04 14:37:47) [GET]
  Parameters: {"id"=>"4"}
  [4;36;1mFlight Load (0.3ms)[0m   [0;1mSELECT * FROM "flights" WHERE ("flights"."id" = 4) [0m
Rendering template within layouts/flights
Rendering flights/show
  [4;35;1mSeat Load (0.7ms)[0m   [0mSELECT * FROM "seats" WHERE ("seats".flight_id = 4) [0m
Rendered flights/_seat_list (20.3ms)
Rendered flights/_new_seat (2.7ms)
Completed in 44ms (View: 34, DB: 1) | 200 OK [http://localhost/flights/4]
